  [1m[36m (1.3ms)[0m  [1mCREATE TABLE "schema_migrations" ("version" varchar(255) NOT NULL) [0m
  [1m[35m (0.1ms)[0m  select sqlite_version(*)
  [1m[36m (1.8ms)[0m  [1mCREATE UNIQUE INDEX "unique_schema_migrations" ON "schema_migrations" ("version")[0m
  [1m[35mActiveRecord::SchemaMigration Load (0.2ms)[0m  SELECT "schema_migrations".* FROM "schema_migrations"
Migrating to CreateBlogs (20151010020246)
  [1m[36m (0.1ms)[0m  [1mbegin transaction[0m
  [1m[35m (0.8ms)[0m  CREATE TABLE "blogs" ("id" INTEGER PRIMARY KEY AUTOINCREMENT NOT NULL, "title" varchar(255), "content" text, "created_at" datetime, "updated_at" datetime) 
  [1m[36mSQL (0.3ms)[0m  [1mINSERT INTO "schema_migrations" ("version") VALUES (?)[0m  [["version", "20151010020246"]]
  [1m[35m (1.1ms)[0m  commit transaction
  [1m[36mActiveRecord::SchemaMigration Load (0.1ms)[0m  [1mSELECT "schema_migrations".* FROM "schema_migrations"[0m


Started GET "/shops/1.json" for 127.0.0.1 at 2015-10-12 08:28:12 +0900
  [1m[36mActiveRecord::SchemaMigration Load (0.5ms)[0m  [1mSELECT "schema_migrations".* FROM "schema_migrations"[0m

ActionController::RoutingError (No route matches [GET] "/shops/1.json"):
  vendor/bundle/ruby/2.1.0/gems/actionpack-4.1.7/lib/action_dispatch/middleware/debug_exceptions.rb:21:in `call'
  vendor/bundle/ruby/2.1.0/gems/actionpack-4.1.7/lib/action_dispatch/middleware/show_exceptions.rb:30:in `call'
  vendor/bundle/ruby/2.1.0/gems/railties-4.1.7/lib/rails/rack/logger.rb:38:in `call_app'
  vendor/bundle/ruby/2.1.0/gems/railties-4.1.7/lib/rails/rack/logger.rb:20:in `block in call'
  vendor/bundle/ruby/2.1.0/gems/activesupport-4.1.7/lib/active_support/tagged_logging.rb:68:in `block in tagged'
  vendor/bundle/ruby/2.1.0/gems/activesupport-4.1.7/lib/active_support/tagged_logging.rb:26:in `tagged'
  vendor/bundle/ruby/2.1.0/gems/activesupport-4.1.7/lib/active_support/tagged_logging.rb:68:in `tagged'
  vendor/bundle/ruby/2.1.0/gems/railties-4.1.7/lib/rails/rack/logger.rb:20:in `call'
  vendor/bundle/ruby/2.1.0/gems/actionpack-4.1.7/lib/action_dispatch/middleware/request_id.rb:21:in `call'
  vendor/bundle/ruby/2.1.0/gems/rack-1.5.5/lib/rack/methodoverride.rb:21:in `call'
  vendor/bundle/ruby/2.1.0/gems/rack-1.5.5/lib/rack/runtime.rb:17:in `call'
  vendor/bundle/ruby/2.1.0/gems/activesupport-4.1.7/lib/active_support/cache/strategy/local_cache_middleware.rb:26:in `call'
  vendor/bundle/ruby/2.1.0/gems/rack-1.5.5/lib/rack/lock.rb:17:in `call'
  vendor/bundle/ruby/2.1.0/gems/actionpack-4.1.7/lib/action_dispatch/middleware/static.rb:84:in `call'
  vendor/bundle/ruby/2.1.0/gems/rack-1.5.5/lib/rack/sendfile.rb:112:in `call'
  vendor/bundle/ruby/2.1.0/gems/railties-4.1.7/lib/rails/engine.rb:514:in `call'
  vendor/bundle/ruby/2.1.0/gems/railties-4.1.7/lib/rails/application.rb:144:in `call'
  vendor/bundle/ruby/2.1.0/gems/rack-1.5.5/lib/rack/lock.rb:17:in `call'
  vendor/bundle/ruby/2.1.0/gems/rack-1.5.5/lib/rack/content_length.rb:14:in `call'
  vendor/bundle/ruby/2.1.0/gems/rack-1.5.5/lib/rack/handler/webrick.rb:60:in `service'
  /Users/jiangurunye/.rbenv/versions/2.1.4/lib/ruby/2.1.0/webrick/httpserver.rb:138:in `service'
  /Users/jiangurunye/.rbenv/versions/2.1.4/lib/ruby/2.1.0/webrick/httpserver.rb:94:in `run'
  /Users/jiangurunye/.rbenv/versions/2.1.4/lib/ruby/2.1.0/webrick/server.rb:295:in `block in start_thread'


  Rendered vendor/bundle/ruby/2.1.0/gems/actionpack-4.1.7/lib/action_dispatch/middleware/templates/rescues/_trace.html.erb (1.8ms)
  Rendered vendor/bundle/ruby/2.1.0/gems/actionpack-4.1.7/lib/action_dispatch/middleware/templates/routes/_route.html.erb (1.5ms)
  Rendered vendor/bundle/ruby/2.1.0/gems/actionpack-4.1.7/lib/action_dispatch/middleware/templates/routes/_table.html.erb (10.1ms)
  Rendered vendor/bundle/ruby/2.1.0/gems/actionpack-4.1.7/lib/action_dispatch/middleware/templates/rescues/routing_error.html.erb within rescues/layout (46.3ms)


Started GET "/shops/1" for 127.0.0.1 at 2015-10-12 08:28:16 +0900

ActionController::RoutingError (No route matches [GET] "/shops/1"):
  vendor/bundle/ruby/2.1.0/gems/actionpack-4.1.7/lib/action_dispatch/middleware/debug_exceptions.rb:21:in `call'
  vendor/bundle/ruby/2.1.0/gems/actionpack-4.1.7/lib/action_dispatch/middleware/show_exceptions.rb:30:in `call'
  vendor/bundle/ruby/2.1.0/gems/railties-4.1.7/lib/rails/rack/logger.rb:38:in `call_app'
  vendor/bundle/ruby/2.1.0/gems/railties-4.1.7/lib/rails/rack/logger.rb:20:in `block in call'
  vendor/bundle/ruby/2.1.0/gems/activesupport-4.1.7/lib/active_support/tagged_logging.rb:68:in `block in tagged'
  vendor/bundle/ruby/2.1.0/gems/activesupport-4.1.7/lib/active_support/tagged_logging.rb:26:in `tagged'
  vendor/bundle/ruby/2.1.0/gems/activesupport-4.1.7/lib/active_support/tagged_logging.rb:68:in `tagged'
  vendor/bundle/ruby/2.1.0/gems/railties-4.1.7/lib/rails/rack/logger.rb:20:in `call'
  vendor/bundle/ruby/2.1.0/gems/actionpack-4.1.7/lib/action_dispatch/middleware/request_id.rb:21:in `call'
  vendor/bundle/ruby/2.1.0/gems/rack-1.5.5/lib/rack/methodoverride.rb:21:in `call'
  vendor/bundle/ruby/2.1.0/gems/rack-1.5.5/lib/rack/runtime.rb:17:in `call'
  vendor/bundle/ruby/2.1.0/gems/activesupport-4.1.7/lib/active_support/cache/strategy/local_cache_middleware.rb:26:in `call'
  vendor/bundle/ruby/2.1.0/gems/rack-1.5.5/lib/rack/lock.rb:17:in `call'
  vendor/bundle/ruby/2.1.0/gems/actionpack-4.1.7/lib/action_dispatch/middleware/static.rb:84:in `call'
  vendor/bundle/ruby/2.1.0/gems/rack-1.5.5/lib/rack/sendfile.rb:112:in `call'
  vendor/bundle/ruby/2.1.0/gems/railties-4.1.7/lib/rails/engine.rb:514:in `call'
  vendor/bundle/ruby/2.1.0/gems/railties-4.1.7/lib/rails/application.rb:144:in `call'
  vendor/bundle/ruby/2.1.0/gems/rack-1.5.5/lib/rack/lock.rb:17:in `call'
  vendor/bundle/ruby/2.1.0/gems/rack-1.5.5/lib/rack/content_length.rb:14:in `call'
  vendor/bundle/ruby/2.1.0/gems/rack-1.5.5/lib/rack/handler/webrick.rb:60:in `service'
  /Users/jiangurunye/.rbenv/versions/2.1.4/lib/ruby/2.1.0/webrick/httpserver.rb:138:in `service'
  /Users/jiangurunye/.rbenv/versions/2.1.4/lib/ruby/2.1.0/webrick/httpserver.rb:94:in `run'
  /Users/jiangurunye/.rbenv/versions/2.1.4/lib/ruby/2.1.0/webrick/server.rb:295:in `block in start_thread'


  Rendered vendor/bundle/ruby/2.1.0/gems/actionpack-4.1.7/lib/action_dispatch/middleware/templates/rescues/_trace.html.erb (1.7ms)
  Rendered vendor/bundle/ruby/2.1.0/gems/actionpack-4.1.7/lib/action_dispatch/middleware/templates/routes/_route.html.erb (1.2ms)
  Rendered vendor/bundle/ruby/2.1.0/gems/actionpack-4.1.7/lib/action_dispatch/middleware/templates/routes/_table.html.erb (1.3ms)
  Rendered vendor/bundle/ruby/2.1.0/gems/actionpack-4.1.7/lib/action_dispatch/middleware/templates/rescues/routing_error.html.erb within rescues/layout (22.8ms)


Started GET "/" for 127.0.0.1 at 2015-10-12 08:28:17 +0900
Processing by Rails::WelcomeController#index as HTML
  Rendered vendor/bundle/ruby/2.1.0/gems/railties-4.1.7/lib/rails/templates/rails/welcome/index.html.erb (1.0ms)
Completed 200 OK in 14ms (Views: 2.8ms | ActiveRecord: 0.0ms)


Started GET "/" for 127.0.0.1 at 2015-10-12 08:51:27 +0900
  [1m[36mActiveRecord::SchemaMigration Load (0.5ms)[0m  [1mSELECT "schema_migrations".* FROM "schema_migrations"[0m
Processing by Rails::WelcomeController#index as HTML
  Rendered vendor/bundle/ruby/2.1.0/gems/railties-4.1.7/lib/rails/templates/rails/welcome/index.html.erb (3.5ms)
Completed 200 OK in 29ms (Views: 16.9ms | ActiveRecord: 0.0ms)
